1

               ITPACK 2C  TEST PROGRAM -- TEST1D
               TESTS ITERATIVE MODULES
               USES FIVE POINT SYMMETRIC DISCRETIZATION


               SYMMETRIC SPARSE STORAGE USED
               NATURAL ORDERING USED
0


 BEGINNING OF ITPACK SOLUTION MODULE  JCG

 JCG  HAS CONVERGED IN    62 ITERATIONS
0


 BEGINNING OF ITPACK SOLUTION MODULE  JSI

 JSI  HAS CONVERGED IN   108 ITERATIONS
0


 BEGINNING OF ITPACK SOLUTION MODULE  SOR

 SOR  HAS CONVERGED IN    72 ITERATIONS
0


 BEGINNING OF ITPACK SOLUTION MODULE  SSORCG

 SSORCG  HAS CONVERGED IN    17 ITERATIONS
0


 BEGINNING OF ITPACK SOLUTION MODULE  SSORSI

 SSORSI  HAS CONVERGED IN    23 ITERATIONS
0


 BEGINNING OF ITPACK SOLUTION MODULE  RSCG

 RSCG  HAS CONVERGED IN    31 ITERATIONS
0


 BEGINNING OF ITPACK SOLUTION MODULE  RSSI

 RSSI  HAS CONVERGED IN    60 ITERATIONS
0


               TIMING ANALYSIS
               ---------------

                                   ITERATION   TOTAL         NO. OF    AVG ITER/  DIGITS    DIGITS     WKSP
               METHOD              TIME (SEC)  TIME (SEC) ITERATIONS MTX-VCTR MLT STP TST   RES/RHS    USED
               -------------------------------------------------------------------------------------------------------
               JACOBI CG             0.001     0.001            62       3.4        5.4       6.4      1568
               JACOBI SI             0.001     0.001           108       3.4        5.3       6.3       722
               SOR                   0.000     0.001            72       1.9        5.4       6.2       361
               SYMMETRIC SOR CG      0.000     0.000            17       6.1        5.6       5.7      2200
               SYMMETRIC SOR SI      0.000     0.000            23       3.1        5.6       6.4      1805
               REDUCED SYSTEM CG     0.000     0.000            31       1.6        5.3       6.4       963
               REDUCED SYSTEM SI     0.000     0.000            60       1.2        5.3       6.3       541



               SYMMETRIC SPARSE STORAGE USED
               RED-BLACK ORDERING USED
0


 BEGINNING OF ITPACK SOLUTION MODULE  JCG

 JCG  HAS CONVERGED IN    62 ITERATIONS
0


 BEGINNING OF ITPACK SOLUTION MODULE  JSI

 JSI  HAS CONVERGED IN   108 ITERATIONS
0


 BEGINNING OF ITPACK SOLUTION MODULE  SOR

 SOR  HAS CONVERGED IN    65 ITERATIONS
0


 BEGINNING OF ITPACK SOLUTION MODULE  SSORCG

 SSORCG  HAS CONVERGED IN    30 ITERATIONS
0


 BEGINNING OF ITPACK SOLUTION MODULE  SSORSI

 SSORSI  HAS CONVERGED IN    57 ITERATIONS
0


 BEGINNING OF ITPACK SOLUTION MODULE  RSCG

 RSCG  HAS CONVERGED IN    31 ITERATIONS
0


 BEGINNING OF ITPACK SOLUTION MODULE  RSSI

 RSSI  HAS CONVERGED IN    60 ITERATIONS
0


               TIMING ANALYSIS
               ---------------

                                   ITERATION   TOTAL         NO. OF    AVG ITER/  DIGITS    DIGITS     WKSP
               METHOD              TIME (SEC)  TIME (SEC) ITERATIONS MTX-VCTR MLT STP TST   RES/RHS    USED
               -------------------------------------------------------------------------------------------------------
               JACOBI CG             0.000     0.001            62       1.4        5.4       6.4      1568
               JACOBI SI             0.000     0.001           108       1.2        5.3       6.3       722
               SOR                   0.000     0.000            65       1.1        5.4       5.5       361
               SYMMETRIC SOR CG      0.000     0.001            30       3.7        5.3       6.1      2226
               SYMMETRIC SOR SI      0.000     0.001            57       2.3        5.3       6.1      1805
               REDUCED SYSTEM CG     0.000     0.000            31       1.4        5.3       6.4       963
               REDUCED SYSTEM SI     0.000     0.000            60       1.2        5.3       6.3       541

1





               NONSYMMETRIC SPARSE STORAGE USED
               NATURAL ORDERING USED
0


 BEGINNING OF ITPACK SOLUTION MODULE  JCG

 JCG  HAS CONVERGED IN    62 ITERATIONS
0


 BEGINNING OF ITPACK SOLUTION MODULE  JSI

 JSI  HAS CONVERGED IN   108 ITERATIONS
0


 BEGINNING OF ITPACK SOLUTION MODULE  SOR

 SOR  HAS CONVERGED IN    72 ITERATIONS
0


 BEGINNING OF ITPACK SOLUTION MODULE  SSORCG

 SSORCG  HAS CONVERGED IN    17 ITERATIONS
0


 BEGINNING OF ITPACK SOLUTION MODULE  SSORSI

 SSORSI  HAS CONVERGED IN    23 ITERATIONS
0


 BEGINNING OF ITPACK SOLUTION MODULE  RSCG

 RSCG  HAS CONVERGED IN    31 ITERATIONS
0


 BEGINNING OF ITPACK SOLUTION MODULE  RSSI

 RSSI  HAS CONVERGED IN    60 ITERATIONS
0


               TIMING ANALYSIS
               ---------------

                                   ITERATION   TOTAL         NO. OF    AVG ITER/  DIGITS    DIGITS     WKSP
               METHOD              TIME (SEC)  TIME (SEC) ITERATIONS MTX-VCTR MLT STP TST   RES/RHS    USED
               -------------------------------------------------------------------------------------------------------
               JACOBI CG             0.000     0.000            62       1.7        5.4       6.4      1692
               JACOBI SI             0.001     0.001           108       1.2        5.3       6.3       722
               SOR                   0.000     0.000            72       1.0        5.4       6.2       361
               SYMMETRIC SOR CG      0.000     0.000            17       3.8        5.6       5.7      2234
               SYMMETRIC SOR SI      0.000     0.000            23       2.9        5.6       6.4      1805
               REDUCED SYSTEM CG     0.000     0.000            31       1.5        5.3       6.4      1025
               REDUCED SYSTEM SI     0.000     0.001            60       1.2        5.3       6.3       541



               NONSYMMETRIC SPARSE STORAGE USED
               RED-BLACK ORDERING USED
0


 BEGINNING OF ITPACK SOLUTION MODULE  JCG

 JCG  HAS CONVERGED IN    62 ITERATIONS
0


 BEGINNING OF ITPACK SOLUTION MODULE  JSI

 JSI  HAS CONVERGED IN   108 ITERATIONS
0


 BEGINNING OF ITPACK SOLUTION MODULE  SOR

 SOR  HAS CONVERGED IN    65 ITERATIONS
0


 BEGINNING OF ITPACK SOLUTION MODULE  SSORCG

 SSORCG  HAS CONVERGED IN    30 ITERATIONS
0


 BEGINNING OF ITPACK SOLUTION MODULE  SSORSI

 SSORSI  HAS CONVERGED IN    57 ITERATIONS
0


 BEGINNING OF ITPACK SOLUTION MODULE  RSCG

 RSCG  HAS CONVERGED IN    31 ITERATIONS
0


 BEGINNING OF ITPACK SOLUTION MODULE  RSSI

 RSSI  HAS CONVERGED IN    60 ITERATIONS
0


               TIMING ANALYSIS
               ---------------

                                   ITERATION   TOTAL         NO. OF    AVG ITER/  DIGITS    DIGITS     WKSP
               METHOD              TIME (SEC)  TIME (SEC) ITERATIONS MTX-VCTR MLT STP TST   RES/RHS    USED
               -------------------------------------------------------------------------------------------------------
               JACOBI CG             0.000     0.001            62       1.8        5.4       6.4      1692
               JACOBI SI             0.001     0.001           108       1.3        5.3       6.3       722
               SOR                   0.000     0.001            65       1.1        5.4       5.5       361
               SYMMETRIC SOR CG      0.000     0.001            30       3.6        5.3       6.1      2286
               SYMMETRIC SOR SI      0.001     0.001            57       2.6        5.3       6.1      1805
               REDUCED SYSTEM CG     0.000     0.000            31       1.5        5.3       6.4      1025
               REDUCED SYSTEM SI     0.000     0.001            60       1.3        5.3       6.3       541

